0 info it worked if it ends with ok
1 verbose cli [ '/Users/liuchengcheng/.nvm/versions/node/v4.4.2/bin/node',
1 verbose cli   '/Users/liuchengcheng/.nvm/versions/node/v4.4.2/bin/npm',
1 verbose cli   'run',
1 verbose cli   'dev' ]
2 info using npm@3.8.6
3 info using node@v4.4.2
4 verbose run-script [ 'predev', 'dev', 'postdev' ]
5 info lifecycle reactleancloud@1.0.0~predev: reactleancloud@1.0.0
6 silly lifecycle reactleancloud@1.0.0~predev: no script for predev, continuing
7 info lifecycle reactleancloud@1.0.0~dev: reactleancloud@1.0.0
8 verbose lifecycle reactleancloud@1.0.0~dev: unsafe-perm in lifecycle true
9 verbose lifecycle reactleancloud@1.0.0~dev: PATH: /Users/liuchengcheng/.nvm/versions/node/v4.4.2/lib/node_modules/npm/bin/node-gyp-bin:/Users/liuchengcheng/web/react-leancould/test/ReactLeanCloud-Started/spa/node_modules/.bin:/Users/liuchengcheng/.nvm/versions/node/v4.4.2/bin:/Users/liuchengcheng/.nvm/versions/node/v4.4.2/bin:/usr/local/bin:/usr/bin:/bin:/usr/sbin:/sbin
10 verbose lifecycle reactleancloud@1.0.0~dev: CWD: /Users/liuchengcheng/web/react-leancould/test/ReactLeanCloud-Started/spa
11 silly lifecycle reactleancloud@1.0.0~dev: Args: [ '-c', 'node server.js' ]
12 silly lifecycle reactleancloud@1.0.0~dev: Returned: code: 1  signal: null
13 info lifecycle reactleancloud@1.0.0~dev: Failed to exec dev script
14 verbose stack Error: reactleancloud@1.0.0 dev: `node server.js`
14 verbose stack Exit status 1
14 verbose stack     at EventEmitter.<anonymous> (/Users/liuchengcheng/.nvm/versions/node/v4.4.2/lib/node_modules/npm/lib/utils/lifecycle.js:239:16)
14 verbose stack     at emitTwo (events.js:87:13)
14 verbose stack     at EventEmitter.emit (events.js:172:7)
14 verbose stack     at ChildProcess.<anonymous> (/Users/liuchengcheng/.nvm/versions/node/v4.4.2/lib/node_modules/npm/lib/utils/spawn.js:24:14)
14 verbose stack     at emitTwo (events.js:87:13)
14 verbose stack     at ChildProcess.emit (events.js:172:7)
14 verbose stack     at maybeClose (internal/child_process.js:827:16)
14 verbose stack     at Process.ChildProcess._handle.onexit (internal/child_process.js:211:5)
15 verbose pkgid reactleancloud@1.0.0
16 verbose cwd /Users/liuchengcheng/web/react-leancould/test/ReactLeanCloud-Started/spa
17 error Darwin 15.2.0
18 error argv "/Users/liuchengcheng/.nvm/versions/node/v4.4.2/bin/node" "/Users/liuchengcheng/.nvm/versions/node/v4.4.2/bin/npm" "run" "dev"
19 error node v4.4.2
20 error npm  v3.8.6
21 error code ELIFECYCLE
22 error reactleancloud@1.0.0 dev: `node server.js`
22 error Exit status 1
23 error Failed at the reactleancloud@1.0.0 dev script 'node server.js'.
23 error Make sure you have the latest version of node.js and npm installed.
23 error If you do, this is most likely a problem with the reactleancloud package,
23 error not with npm itself.
23 error Tell the author that this fails on your system:
23 error     node server.js
23 error You can get information on how to open an issue for this project with:
23 error     npm bugs reactleancloud
23 error Or if that isn't available, you can get their info via:
23 error     npm owner ls reactleancloud
23 error There is likely additional logging output above.
24 verbose exit [ 1, true ]
